2.0
2.0
2.0
2.0
2.0
2.0
2.0
2.0
2.0
2.0
2.0
2.0
2.0
2.0
2.0
2.0
2.0
2.0
2.0
2.0
2.0
2.0
2.0
2.0
2.0
2.0
2.0
2.0
2.0
2.0
2.0
2.0
2.0
2.0
2.0
2.0
2.0
2.0
2.0
2.0
2.0
2.0
2.0
2.0
2.0
2.0
2.0
2.0
2.0
2.0
2.0
2.0
2.0
2.0
2.0
2.0
2.0
2.0
2.0
2.0
2.0
2.0
2.0
2.0
2.0
2.0
2.0
2.0
2.0
2.0
2.0
2.0
2.0
2.0
2.0
2.0
2.0
2.0
2.0
2.0
2.0
2.0
2.0
2.0
2.0
2.0
2.0
2.0
2.0
2.0
2.0
2.0
2.0
2.0
2.0
2.0
2.0
2.0
2.0
2.0
2.0
2.0
2.0
2.0
2.0
2.0
2.0
2.0
2.0
2.0
2.0
2.0
2.0
2.0
2.0
2.0
2.0
2.0
2.0
2.0
2.0
2.0
2.0
2.0
2.0
2.0
2.0
2.0
2.0
2.0
2.0
2.0
2.0
2.0
2.0
2.0
2.0
2.0
2.0
2.0
2.0
2.0
2.0
2.0
2.0
2.0
2.0
2.0
2.0
2.0
2.0
2.0
2.0
[[0.0, 1.00000000000002, 1.00000000000002, 1.00000000000002, 0.9999999999994911], [0.01, 0.9944541195364801, 0.9944541195364804, 0.9890080882200865, 0.9881810110258608], [0.02, 0.9884845117594591, 0.9884845117594591, 0.9777877099859114, 0.9760844475237088], [0.029999999999999999, 0.9820732142884949, 0.9820732142884949, 0.966323954645711, 0.963689829043613], [0.040000000000000001, 0.975203831167145, 0.975203831167145, 0.9546002192989255, 0.9509740280888629], [0.050000000000000003, 0.9678613876387041, 0.9678613876387041, 0.9425979273274051, 0.9379107651193407], [0.059999999999999998, 0.9600320039445648, 0.9600320039445644, 0.9302961837522057, 0.9244699725364879], [0.070000000000000007, 0.9517023947406669, 0.9517023947406669, 0.9176713491778964, 0.9106169835504937], [0.080000000000000002, 0.942859210135504, 0.9428592101355033, 0.9046965075185747, 0.8963114831381231], [0.089999999999999997, 0.9334882369056227, 0.9334882369056227, 0.8913407932426093, 0.8815061298207496], [0.10000000000000001, 0.9235734731378062, 0.9235734731378062, 0.8775685299954137, 0.8661447124792667], [0.11, 0.9130960764719626, 0.9130960764719626, 0.8633381116630465, 0.8501596348005358], [0.12, 0.9020331656795667, 0.9020331656795667, 0.8486005250346477, 0.833468400819006], [0.13, 0.8903564271814102, 0.8903564271814102, 0.833297362964681, 0.8159685690979963], [0.14000000000000001, 0.8780304400347037, 0.8780304400347037, 0.8173580953603077, 0.797530270732544], [0.14999999999999999, 0.8650105792228227, 0.8650105792228227, 0.8006962282821518, 0.7779846757154579], [0.16, 0.8512402761942447, 0.8512402761942449, 0.7832037419062025, 0.7571053436766025], [0.17000000000000001, 0.8366472852139049, 0.8366472852139049, 0.7647427594045421, 0.7345761878543098], [0.17999999999999999, 0.8211383806504441, 0.8211383806504444, 0.745132549570933, 0.7099318735892486], [0.19, 0.8045915048992007, 0.8045915048992007, 0.7241282076281144, 0.6824339036914507], [0.20000000000000001, 0.7868436061171576, 0.786843606117158, 0.7013834003535167, 0.6507661883337756], [0.20999999999999999, 0.7676707969664114, 0.7676707969664114, 0.6763796426914476, 0.6120478525603642], [0.22, 0.7467538678165634, 0.7467538678165634, 0.6482758736546008, 0.5563898321566348], [0.23000000000000001, 0.7236132442717746, 0.7236132442717743, 0.6155300137890442, 0.35031717848562355], [0.23999999999999999, 0.6974718857207969, 0.6974718857207969, 0.5746363390443311, 0.04042475227311948], [0.25, 0.666915067069221, 0.666915067069221, 0.5119292951985203, 0.026666718707462563], [0.26000000000000001, 0.6287830461946443, 0.6287830461946428, 0.030873045055177278, 0.021356023526104648], [0.27000000000000002, 0.5715082168184956, 0.5715082168184957, 0.0290173505182787, 0.018157548580636867], [0.28000000000000003, 0.015319480589738387, 0.01531948058992428, 0.027363399687651436, 0.015906116086964066], [0.28999999999999998, 0.014626211138037293, 0.014626211137979824, 0.02589107604893951, 0.01419480597175292], [0.29999999999999999, 0.013954177543920936, 0.013954177543970058, 0.02457094611781164, 0.01283340134714806], [0.31, 0.013327431543225, 0.013327431543199956, 0.023378960429541264, 0.011716917766362536], [0.32000000000000001, 0.012745882063993947, 0.012745882064036327, 0.02229600415355873, 0.010780957899571392], [0.33000000000000002, 0.012206491520209044, 0.012206491520215626, 0.021306786345946585, 0.009983060584258449], [0.34000000000000002, 0.011705720319996837, 0.011705720319997961, 0.020398929125390836, 0.009293727060636142], [0.35000000000000003, 0.011240120249151355, 0.011240120249146219, 0.019562288761053644, 0.008691639123344537], [0.35999999999999999, 0.010806504079089185, 0.010806504079010685, 0.01878845484478298, 0.008160907960617667], [0.37, 0.010401984430187809, 0.010401984430282361, 0.018070379092697243, 0.007689393813670445], [0.38, 0.01002396694876573, 0.010023966948519475, 0.017402097216735985, 0.0072676298396788745], [0.39000000000000001, 0.009670127272076728, 0.009670127272020223, 0.01677851741676091, 0.006888105825735751], [0.40000000000000002, 0.009338384230582752, 0.009338384230356886, 0.016195257611999872, 0.006544775952806739], [0.41000000000000003, 0.009026873222344507, 0.009026873222783395, 0.015648519685770735, 0.00623271122566126], [0.41999999999999998, 0.008733921195538934, 0.008733921195543108, 0.015134989675765147, 0.005947848317337655], [0.42999999999999999, 0.008458024662143961, 0.008458024662253764, 0.0146517588467792, 0.0056868046774741785], [0.44, 0.008197829316376566, 0.008197829316500494, 0.014196260358040167, 0.0054467396334557765], [0.45000000000000001, 0.00795211394404529, 0.007952113944169862, 0.013766217826348794, 0.005225248889592209], [0.46000000000000002, 0.007719774448201964, 0.007719774448229094, 0.01335960352148301, 0.005020282954904486], [0.47000000000000003, 0.007499810968573472, 0.007499810968753267, 0.012974603274825127, 0.004830083439007282], [0.47999999999999998, 0.007291316284218246, 0.007291316284267368, 0.012609588546985842, 0.004653132846785715], [0.48999999999999999, 0.007093465736783815, 0.007093465736574805, 0.012263091920214035, 0.004488114393822515], [0.5, 0.006905508386671888, 0.006905508386193831, 0.011933787028886445, 0.004333879777719087]]
nohup: images/result2/ribo_ribo3_Kd2.png: Permission denied
5.0
5.0
5.0
5.0
5.0
5.0
5.0
5.0
5.0
5.0
5.0
5.0
5.0
5.0
5.0
5.0
5.0
5.0
5.0
5.0
5.0
5.0
5.0
5.0
5.0
5.0
5.0
5.0
5.0
5.0
5.0
5.0
5.0
5.0
5.0
5.0
5.0
5.0
5.0
5.0
5.0
5.0
5.0
5.0
5.0
5.0
5.0
5.0
5.0
5.0
5.0
5.0
5.0
5.0
5.0
5.0
5.0
5.0
5.0
5.0
5.0
5.0
5.0
5.0
5.0
5.0
5.0
5.0
5.0
5.0
5.0
5.0
5.0
5.0
5.0
5.0
5.0
5.0
5.0
5.0
5.0
5.0
5.0
5.0
5.0
5.0
5.0
5.0
5.0
5.0
5.0
5.0
5.0
5.0
5.0
5.0
5.0
5.0
5.0
5.0
5.0
5.0
5.0
5.0
5.0
5.0
5.0
5.0
5.0
5.0
5.0
5.0
5.0
5.0
5.0
5.0
5.0
5.0
5.0
5.0
5.0
5.0
5.0
5.0
5.0
5.0
5.0
5.0
5.0
5.0
5.0
5.0
5.0
5.0
5.0
5.0
5.0
5.0
5.0
5.0
5.0
5.0
5.0
5.0
5.0
5.0
5.0
5.0
5.0
5.0
5.0
5.0
5.0
[[0.0, 0.9999999999999258, 0.9999999999999258, 0.9999999999999258, 0.9999999999994911], [0.01, 0.9944106733410522, 0.9944106733410522, 0.9894022044660766, 0.9881810110258608], [0.02, 0.9883943664638347, 0.9883943664638347, 0.9786018084302406, 0.9760844475237088], [0.029999999999999999, 0.9819334761354452, 0.9819334761354452, 0.9675867455336652, 0.963689829043613], [0.040000000000000001, 0.9750120317937966, 0.9750120317937966, 0.956343706521568, 0.9509740280888629], [0.050000000000000003, 0.9676155234537742, 0.9676155234537739, 0.9448579526127538, 0.9379107651193407], [0.059999999999999998, 0.9597305453398647, 0.9597305453398647, 0.9331130912607479, 0.9244699725364879], [0.070000000000000007, 0.9513442651212822, 0.9513442651212822, 0.9210908046153207, 0.9106169835504937], [0.080000000000000002, 0.9424437376123495, 0.9424437376123495, 0.9087705178980255, 0.8963114831381231], [0.089999999999999997, 0.9330150833957901, 0.9330150833957901, 0.8961289906107294, 0.8815061298207496], [0.10000000000000001, 0.9230425463048478, 0.9230425463048475, 0.8831398074465192, 0.8661447124792667], [0.11, 0.9125074294281633, 0.9125074294281627, 0.869772737108591, 0.8501596348005358], [0.12, 0.9013868878593405, 0.9013868878593408, 0.8559929146057316, 0.833468400819006], [0.13, 0.8896525275058306, 0.8896525275058299, 0.8417597837833679, 0.8159685690979963], [0.14000000000000001, 0.8772687205378469, 0.8772687205378472, 0.8270257082110068, 0.797530270732544], [0.14999999999999999, 0.8641904935738466, 0.8641904935738469, 0.8117341138223539, 0.7779846757154579], [0.16, 0.8503607624973605, 0.8503607624973601, 0.7958169548200255, 0.7571053436766025], [0.17000000000000001, 0.8357065548949253, 0.835706554894926, 0.7791911749632673, 0.7345761878543098], [0.17999999999999999, 0.8201336326413201, 0.8201336326413198, 0.7617536304038924, 0.7099318735892486], [0.19, 0.8035185114385603, 0.80351851143856, 0.7433735689183539, 0.6824339036914507], [0.20000000000000001, 0.7856960715005767, 0.785696071500577, 0.723881054976409, 0.6507661883337756], [0.20999999999999999, 0.766439294864482, 0.7664392948644827, 0.7030483028125253, 0.6120478525603642], [0.22, 0.7454239393173172, 0.7454239393173172, 0.6805577586803596, 0.5563898321566348], [0.23000000000000001, 0.7221616518650901, 0.7221616518650897, 0.6559432429927615, 0.35031717848562355], [0.23999999999999999, 0.6958582101200476, 0.6958582101200476, 0.6284697741815415, 0.04042475227311948], [0.25, 0.6650587966071917, 0.665058796607192, 0.5968495375920255, 0.026666718707462563], [0.26000000000000001, 0.6264757783715993, 0.6264757783716006, 0.5583942244823149, 0.021356023526104648], [0.27000000000000002, 0.567598604490554, 0.5675986044905514, 0.5049809943269475, 0.018157548580636867], [0.28000000000000003, 0.015311443396653876, 0.015311443397139801, 0.0596614357109618, 0.015906116086964066], [0.28999999999999998, 0.0146146268297591, 0.014614626829733416, 0.05460793212758433, 0.01419480597175292], [0.29999999999999999, 0.013942431511340806, 0.013942431511526542, 0.05058051902837592, 0.01283340134714806], [0.31, 0.013315939824582587, 0.013315939824639736, 0.04720790177843822, 0.011716917766362536], [0.32000000000000001, 0.012734773475745514, 0.012734773475640365, 0.044323142419342154, 0.010780957899571392], [0.33000000000000002, 0.012195812847119264, 0.012195812847158274, 0.041815407717426076, 0.009983060584258449], [0.34000000000000002, 0.01169548506994642, 0.011695485070132313, 0.03960720536125718, 0.009293727060636142], [0.35000000000000003, 0.011230326219264135, 0.011230326219039714, 0.0376422312223263, 0.008691639123344537], [0.35999999999999999, 0.010797140940663622, 0.010797140940743084, 0.03587831311425303, 0.008160907960617667], [0.37, 0.01039303756912967, 0.010393037569099489, 0.03428307375366121, 0.007689393813670445], [0.38, 0.010015419550115895, 0.01001541955031704, 0.03283114097987324, 0.0072676298396788745], [0.39000000000000001, 0.009661961439590782, 0.00966196143975709, 0.03150228483480904, 0.006888105825735751], [0.40000000000000002, 0.00933058192610821, 0.009330581926099701, 0.030280133916462015, 0.006544775952806739], [0.41000000000000003, 0.009019416353643592, 0.00901941635350714, 0.029151267068039638, 0.00623271122566126], [0.41999999999999998, 0.00872679222756733, 0.008726792227437942, 0.02810455606203732, 0.005947848317337655], [0.42999999999999999, 0.00845120623070801, 0.008451206230661616, 0.027130680181004552, 0.0056868046774741785], [0.44, 0.008191305234802772, 0.00819130523478399, 0.02622176166250286, 0.0054467396334557765], [0.45000000000000001, 0.007945868506108714, 0.007945868506225258, 0.025371087714650815, 0.005225248889592209], [0.46000000000000002, 0.007713792804715677, 0.007713792804660454, 0.02457289544754831, 0.005020282954904486], [0.47000000000000003, 0.0074940788162420535, 0.007494078816263082, 0.02382220400364888, 0.004830083439007282], [0.47999999999999998, 0.00728582016591946, 0.007285820166128471, 0.02311468132353088, 0.004653132846785715], [0.48999999999999999, 0.0070881929266854654, 0.00708819292729243, 0.022446538026177475, 0.004488114393822515], [0.5, 0.0069004469441935005, 0.0069004469442254445, 0.02181444171210156, 0.004333879777719087]]
10.0
10.0
10.0
10.0
10.0
10.0
10.0
10.0
10.0
10.0
10.0
10.0
10.0
10.0
10.0
10.0
10.0
10.0
10.0
10.0
10.0
10.0
10.0
10.0
10.0
10.0
10.0
10.0
10.0
10.0
10.0
10.0
10.0
10.0
10.0
10.0
10.0
10.0
10.0
10.0
10.0
10.0
10.0
10.0
10.0
10.0
10.0
10.0
10.0
10.0
10.0
10.0
10.0
10.0
10.0
10.0
10.0
10.0
10.0
10.0
10.0
10.0
10.0
10.0
10.0
10.0
10.0
10.0
10.0
10.0
10.0
10.0
10.0
10.0
10.0
10.0
10.0
10.0
10.0
10.0
10.0
10.0
10.0
10.0
10.0
10.0
10.0
10.0
10.0
10.0
10.0
10.0
10.0
10.0
10.0
10.0
10.0
10.0
10.0
10.0
10.0
10.0
10.0
10.0
10.0
10.0
10.0
10.0
10.0
10.0
10.0
10.0
10.0
10.0
10.0
10.0
10.0
10.0
10.0
10.0
10.0
10.0
10.0
10.0
10.0
10.0
10.0
10.0
10.0
10.0
10.0
10.0
10.0
10.0
10.0
10.0
10.0
10.0
10.0
10.0
10.0
10.0
10.0
10.0
10.0
10.0
10.0
10.0
10.0
10.0
10.0
10.0
10.0
[[0.0, 0.9999999999999538, 0.9999999999999538, 0.9999999999999538, 0.9999999999994911], [0.01, 0.9943890591568536, 0.9943890591568536, 0.9900783958329465, 0.9881810110258608], [0.02, 0.9883495394288242, 0.9883495394288239, 0.9799927129643791, 0.9760844475237088], [0.029999999999999999, 0.9818640220445295, 0.9818640220445295, 0.9697345897528391, 0.963689829043613], [0.040000000000000001, 0.9749167529433108, 0.9749167529433108, 0.9592949341757792, 0.9509740280888629], [0.050000000000000003, 0.9674934568540821, 0.9674934568540821, 0.9486638316212755, 0.9379107651193407], [0.059999999999999998, 0.9595809656394095, 0.9595809656394095, 0.9378304371926526, 0.9244699725364879], [0.070000000000000007, 0.9511666724508976, 0.9511666724508978, 0.9267828492296636, 0.9106169835504937], [0.080000000000000002, 0.9422378319724721, 0.9422378319724721, 0.9155079598885864, 0.8963114831381231], [0.089999999999999997, 0.9327807281081792, 0.9327807281081799, 0.90399127749211, 0.8815061298207496], [0.10000000000000001, 0.9227797233240642, 0.9227797233240642, 0.8922167138578241, 0.8661447124792667], [0.11, 0.9122161889847924, 0.9122161889847924, 0.8801663277980609, 0.8501596348005358], [0.12, 0.9010672940980442, 0.9010672940980442, 0.8678200132449914, 0.833468400819006], [0.13, 0.8893046006064277, 0.8893046006064277, 0.8551551166850033, 0.8159685690979963], [0.14000000000000001, 0.8768923743242224, 0.8768923743242221, 0.8421459633229699, 0.797530270732544], [0.14999999999999999, 0.8637854657549096, 0.8637854657549092, 0.8287632639325043, 0.7779846757154579], [0.16, 0.8499265321758421, 0.8499265321758421, 0.8149733635789745, 0.7571053436766025], [0.17000000000000001, 0.8352422382125777, 0.8352422382125774, 0.8007372775671707, 0.7345761878543098], [0.17999999999999999, 0.8196378411422574, 0.8196378411422574, 0.7860094361863277, 0.7099318735892486], [0.19, 0.8029891462709184, 0.8029891462709188, 0.7707360232652383, 0.6824339036914507], [0.20000000000000001, 0.785130003991221, 0.7851300039912203, 0.7548527358291656, 0.6507661883337756], [0.20999999999999999, 0.765831835809514, 0.7658318358095136, 0.7382816982379025, 0.6120478525603642], [0.22, 0.7447678864542833, 0.7447678864542826, 0.7209271060348402, 0.5563898321566348], [0.23000000000000001, 0.7214454072796489, 0.7214454072796483, 0.7026688975854986, 0.35031717848562355], [0.23999999999999999, 0.6950615368018409, 0.6950615368018415, 0.683353242673209, 0.04042475227311948], [0.25, 0.6641411613766529, 0.6641411613766522, 0.662777649379532, 0.026666718707462563], [0.26000000000000001, 0.6253310226591251, 0.6253310226591251, 0.6406664395658026, 0.021356023526104648], [0.27000000000000002, 0.5656099596210595, 0.5656099596210618, 0.6166277137002885, 0.018157548580636867], [0.28000000000000003, 0.015307292381191585, 0.015307292381149846, 0.5900712951246212, 0.015906116086964066], [0.28999999999999998, 0.014608908922841436, 0.01460890892309074, 0.5600334221221374, 0.01419480597175292], [0.29999999999999999, 0.013936647380484841, 0.013936647380615189, 0.5247339047455752, 0.01283340134714806], [0.31, 0.013310285362963806, 0.013310285363116632, 0.48009596705460483, 0.011716917766362536], [0.32000000000000001, 0.01272930991144682, 0.012729309911477, 0.41029753259817753, 0.010780957899571392], [0.33000000000000002, 0.012190562359519114, 0.012190562359701318, 0.1382279479340509, 0.009983060584258449], [0.34000000000000002, 0.01169045383737803, 0.011690453837514964, 0.1122891503656841, 0.009293727060636142], [0.35000000000000003, 0.011225512942498133, 0.011225512942462977, 0.09900543766754653, 0.008691639123344537], [0.35999999999999999, 0.010792540348590028, 0.010792540348488412, 0.08956683333102204, 0.008160907960617667], [0.37, 0.010388642517158554, 0.010388642517180706, 0.08226163235045261, 0.007689393813670445], [0.38, 0.010011221516616646, 0.010011221516570093, 0.0763380383944024, 0.0072676298396788745], [0.39000000000000001, 0.009657951714440997, 0.009657951714346283, 0.07138599547932759, 0.006888105825735751], [0.40000000000000002, 0.009326751465247559, 0.00932675146528448, 0.06715473331383351, 0.006544775952806739], [0.41000000000000003, 0.009015756355581118, 0.009015756355773915, 0.06347902006100088, 0.00623271122566126], [0.41999999999999998, 0.008723293997917232, 0.008723293997602112, 0.06024400682299182, 0.005947848317337655], [0.42999999999999999, 0.008447861367727351, 0.008447861367769248, 0.057366564054568685, 0.0056868046774741785], [0.44, 0.008188105669596383, 0.00818810566959783, 0.05478457184179126, 0.0054467396334557765], [0.45000000000000001, 0.007942806588907024, 0.00794280658879738, 0.05245039716818978, 0.005225248889592209], [0.46000000000000002, 0.007710861025345544, 0.007710861025559048, 0.05032672847487003, 0.005020282954904486], [0.47000000000000003, 0.007491270282746232, 0.007491270282656174, 0.048383810543554194, 0.004830083439007282], [0.47999999999999998, 0.007283128268562764, 0.0072831282689135215, 0.04659754861235436, 0.004653132846785715], [0.48999999999999999, 0.0070856115253273375, 0.007085611525310642, 0.04494817236450732, 0.004488114393822515], [0.5, 0.0068979698755203935, 0.006897969875619922, 0.043419271930061294, 0.004333879777719087]]
{'30s': 0.46022981067251706, '50s': 0.4602298106387082, 'ribo': 0.5049873319281516}
[0.0, 0.0, 0.0, 0.0, 0.0, 0.1151, 0.1151, 0.1151, 0.1151, 0.1151, 0.2301, 0.2301, 0.2301, 0.2301, 0.2301, 0.3452, 0.3452, 0.3452, 0.3452, 0.3452, 0.4602, 0.4602, 0.4602, 0.4602, 0.4602]
[0.0, 0.1151, 0.2301, 0.3452, 0.4602, 0.0, 0.1151, 0.2301, 0.3452, 0.4602, 0.0, 0.1151, 0.2301, 0.3452, 0.4602, 0.0, 0.1151, 0.2301, 0.3452, 0.4602, 0.0, 0.1151, 0.2301, 0.3452, 0.4602]
[0.0, 0.0, 0.0, 0.0, 0.0, 0.1151, 0.1151, 0.1151, 0.1151, 0.1151, 0.2301, 0.2301, 0.2301, 0.2301, 0.2301, 0.3452, 0.3452, 0.3452, 0.3452, 0.3452, 0.4602, 0.4602, 0.4602, 0.4602, 0.4602]
[0.0, 0.1151, 0.2301, 0.3452, 0.4602, 0.0, 0.1151, 0.2301, 0.3452, 0.4602, 0.0, 0.1151, 0.2301, 0.3452, 0.4602, 0.0, 0.1151, 0.2301, 0.3452, 0.4602, 0.0, 0.1151, 0.2301, 0.3452, 0.4602]
[0.0, 0.0, 0.0, 0.0, 0.0, 0.1151, 0.1151, 0.1151, 0.1151, 0.1151, 0.2301, 0.2301, 0.2301, 0.2301, 0.2301, 0.3452, 0.3452, 0.3452, 0.3452, 0.3452, 0.4602, 0.4602, 0.4602, 0.4602, 0.4602]
[0.0, 0.1262, 0.2525, 0.3787, 0.505, 0.0, 0.1262, 0.2525, 0.3787, 0.505, 0.0, 0.1262, 0.2525, 0.3787, 0.505, 0.0, 0.1262, 0.2525, 0.3787, 0.505, 0.0, 0.1262, 0.2525, 0.3787, 0.505]
[0.0, 0.0, 0.0, 0.0, 0.0, 0.1262, 0.1262, 0.1262, 0.1262, 0.1262, 0.2525, 0.2525, 0.2525, 0.2525, 0.2525, 0.3787, 0.3787, 0.3787, 0.3787, 0.3787, 0.505, 0.505, 0.505, 0.505, 0.505]
[0.0, 0.1262, 0.2525, 0.3787, 0.505, 0.0, 0.1262, 0.2525, 0.3787, 0.505, 0.0, 0.1262, 0.2525, 0.3787, 0.505, 0.0, 0.1262, 0.2525, 0.3787, 0.505, 0.0, 0.1262, 0.2525, 0.3787, 0.505]
1.0
1.0
1.0
1.0
1.0
1.0
1.0
1.0
1.0
1.0
1.0
1.0
1.0
1.0
1.0
1.0
1.0
1.0
1.0
1.0
1.0
1.0
1.0
1.0
1.0
1.0
1.0
1.0
1.0
1.0
1.0
1.0
1.0
1.0
1.0
1.0
1.0
1.0
1.0
1.0
1.0
1.0
1.0
1.0
1.0
1.0
1.0
1.0
1.0
1.0
1.0
1.0
1.0
1.0
1.0
1.0
1.0
1.0
1.0
1.0
1.0
1.0
1.0
1.0
1.0
1.0
1.0
1.0
1.0
1.0
1.0
1.0
1.0
1.0
1.0
1.0
1.0
1.0
1.0
1.0
1.0
1.0
1.0
1.0
1.0
1.0
1.0
1.0
1.0
1.0
1.0
1.0
1.0
1.0
1.0
1.0
1.0
1.0
1.0
1.0
1.0
1.0
1.0
1.0
1.0
1.0
1.0
1.0
1.0
1.0
1.0
1.0
1.0
1.0
1.0
1.0
1.0
1.0
1.0
1.0
1.0
1.0
1.0
1.0
1.0
1.0
1.0
1.0
1.0
1.0
1.0
1.0
1.0
1.0
1.0
1.0
1.0
1.0
1.0
1.0
1.0
1.0
1.0
1.0
1.0
1.0
1.0
1.0
1.0
1.0
1.0
1.0
1.0
[[0.0, 1.0000000000000326, 1.0000000000000326, 1.0000000000000326, 0.9999999999994911], [0.01, 0.9944926971895582, 0.9944926971895582, 0.9889177353997378, 0.9881810110258608], [0.02, 0.9885645989346877, 0.9885645989346877, 0.9776001787287165, 0.9760844475237088], [0.029999999999999999, 0.9821974370896551, 0.9821974370896551, 0.9660315899452631, 0.963689829043613], [0.040000000000000001, 0.9753744491818868, 0.9753744491818868, 0.9541943949506314, 0.9509740280888629], [0.050000000000000003, 0.9680802559896952, 0.9680802559896954, 0.9420688719009094, 0.9379107651193407], [0.059999999999999998, 0.9603005614485495, 0.9603005614485491, 0.9296327650043124, 0.9244699725364879], [0.070000000000000007, 0.9520216786638718, 0.9520216786638714, 0.9168608042053038, 0.9106169835504937], [0.080000000000000002, 0.9432298954886144, 0.9432298954886144, 0.9037241011173556, 0.8963114831381231], [0.089999999999999997, 0.9339106964384215, 0.9339106964384212, 0.8901893798628966, 0.8815061298207496], [0.10000000000000001, 0.9240478534375488, 0.9240478534375488, 0.8762179840966002, 0.8661447124792667], [0.11, 0.9136223858674081, 0.9136223858674081, 0.8617645750858678, 0.8501596348005358], [0.12, 0.9026113708660465, 0.9026113708660468, 0.8467753945980816, 0.833468400819006], [0.13, 0.8909865574280295, 0.8909865574280291, 0.8311859004407837, 0.8159685690979963], [0.14000000000000001, 0.8787127004111375, 0.8787127004111375, 0.8149174734039791, 0.797530270732544], [0.14999999999999999, 0.8657454775924749, 0.8657454775924749, 0.7978727068730919, 0.7779846757154579], [0.16, 0.8520287732133099, 0.8520287732133099, 0.7799284538419572, 0.7571053436766025], [0.17000000000000001, 0.8374909832997434, 0.8374909832997434, 0.7609251699843497, 0.7345761878543098], [0.17999999999999999, 0.8220397790226418, 0.8220397790226418, 0.7406498123152905, 0.7099318735892486], [0.19, 0.8055543679612089, 0.8055543679612089, 0.7188067768359777, 0.6824339036914507], [0.20000000000000001, 0.7878735319258546, 0.787873531925855, 0.6949647234188582, 0.6507661883337756], [0.20999999999999999, 0.768776156237669, 0.7687761562376694, 0.6684491349316568, 0.6120478525603642], [0.22, 0.7479474785208031, 0.7479474785208028, 0.6380922042550217, 0.5563898321566348], [0.23000000000000001, 0.7249156553353087, 0.7249156553353083, 0.6015048241373865, 0.35031717848562355], [0.23999999999999999, 0.6989186984996175, 0.6989186984996179, 0.5518038147681522, 0.04042475227311948], [0.25, 0.6685767080126325, 0.6685767080126328, 0.02405518209732685, 0.026666718707462563], [0.26000000000000001, 0.6308391719495428, 0.6308391719495431, 0.022776011515326575, 0.021356023526104648], [0.27000000000000002, 0.5748939219502645, 0.5748939219502626, 0.021526927204001615, 0.018157548580636867], [0.28000000000000003, 0.015326186139669412, 0.015326186139394904, 0.020396825279377362, 0.015906116086964066], [0.28999999999999998, 0.014636597871914445, 0.014636597871865486, 0.01937311098131492, 0.01419480597175292], [0.29999999999999999, 0.013964742821283647, 0.01396474282125748, 0.01844180602645973, 0.01283340134714806], [0.31, 0.013337778686677102, 0.013337778686750784, 0.01759085378087751, 0.011716917766362536], [0.32000000000000001, 0.012755889986813727, 0.012755889986834919, 0.016810170279624143, 0.010780957899571392], [0.33000000000000002, 0.012216116109056928, 0.012216116108973935, 0.016091330412343244, 0.009983060584258449], [0.34000000000000002, 0.011714948384546038, 0.01171494838478282, 0.015427252683626162, 0.0/usr/local/lib/python2.7/site-packages/matplotlib/tight_layout.py:222: UserWarning: tight_layout : falling back to Agg renderer
  warnings.warn("tight_layout : falling back to Agg renderer")
09293727060636142], [0.35000000000000003, 0.01124895318350513, 0.011248953183305432, 0.014811938942902891, 0.008691639123344537], [0.35999999999999999, 0.01081495087180108, 0.010814950872059212, 0.014240267973974048, 0.008160907960617667], [0.37, 0.010410058145630986, 0.010410058145800828, 0.013707834838933989, 0.007689393813670445], [0.38, 0.010031682468604267, 0.010031682468480015, 0.013210824064534669, 0.0072676298396788745], [0.39000000000000001, 0.009677500603186477, 0.009677500603082133, 0.012745909924612197, 0.006888105825735751], [0.40000000000000002, 0.009345431808365154, 0.009345431808498074, 0.012310176750739572, 0.006544775952806739], [0.41000000000000003, 0.009033611228523754, 0.0090336112287798, 0.01190105524246272, 0.00623271122566126], [0.41999999999999998, 0.008740365448703607, 0.008740365448789651, 0.011516270630744542, 0.005947848317337655], [0.42999999999999999, 0.008464190386888955, 0.008464190386878682, 0.011153800149362316, 0.0056868046774741785], [0.44, 0.008203731499423867, 0.008203731499368323, 0.010811838180903088, 0.0054467396334557765], [0.45000000000000001, 0.007957766721202445, 0.007957766721625762, 0.010488767232818674, 0.005225248889592209], [0.46000000000000002, 0.007725191364273026, 0.007725191364284102, 0.01018313326969487, 0.005020282954904486], [0.47000000000000003, 0.0075050047452470394, 0.007505004745306114, 0.009893625781341835, 0.004830083439007282], [0.47999999999999998, 0.007296299110492117, 0.007296299110519087, 0.009619059811856987, 0.004653132846785715], [0.48999999999999999, 0.007098249046004841, 0.007098249045961979, 0.009358361494879373, 0.004488114393822515], [0.5, 0.006910103036380327, 0.006910103036393811, 0.009110555112519961, 0.004333879777719087]]
{'Streptmycin': {'type': '30s', 'dose': 5.0}, 'Chloramphenicol': {'type': '50s', 'dose': 3.094710520777886}, 'Tetracycline': {'type': '30s', 'dose': 4.500095627032074}}
1.0
1.0
1.0
1.0
1.0
1.0
1.0
1.0
1.0
/usr/local/lib/python2.7/site-packages/matplotlib/tight_layout.py:222: UserWarning: tight_layout : falling back to Agg renderer
  warnings.warn("tight_layout : falling back to Agg renderer")
